Starting Dynare (version 4.4.3).
Starting preprocessing of the model file ...
Found 11 equation(s).
Evaluating expressions...done
Computing static model derivatives:
 - order 1
Computing dynamic model derivatives:
 - order 1
 - order 2
 - order 3
Processing outputs ...done
Preprocessing completed.
Starting MATLAB/Octave computing.
warning: delete: no such file: SimpleModel_static.mex
warning: called from
    delete at line 47 column 9
    erase_compiled_function at line 23 column 5
    SimpleModel at line 115 column 1
    dynare at line 188 column 1
    II_estimate at line 35 column 1
warning: delete: no such file: SimpleModel_dynamic.mex
warning: Some of the parameters have no value (psi, c1, iss, yss, kss, css) when using stoch_simul. If these parameters are not initialized in a steadystate file, Dynare may not be able to solve the model...
Total computing time : 0h00m00s
Note: warning(s) encountered in MATLAB/Octave code
